<?xml version="1.0" encoding="utf-8"?><testsuites><testsuite errors="0" failures="0" hostname="PR-Doshi" name="pytest" skipped="0" tests="18" time="0.246" timestamp="2022-02-19T21:08:00.173168"><testcase classname="mytest.test_inventory.TestingInventoryCreation" file="mytest\test_inventory.py" line="18" name="test_creating_empty_inventory" time="0.003" /><testcase classname="mytest.test_inventory.TestingInventoryCreation" file="mytest\test_inventory.py" line="23" name="test_creating_specified_inventory" time="0.001" /><testcase classname="mytest.test_inventory.TestingInventoryCreation" file="mytest\test_inventory.py" line="29" name="test_creating_inventory_with_list" time="0.001" /><testcase classname="mytest.test_inventory.TestingInventoryCreation" file="mytest\test_inventory.py" line="35" name="test_creating_inventory_with_numeric_keys" time="0.001" /><testcase classname="mytest.test_inventory.TestingInventoryCreation" file="mytest\test_inventory.py" line="41" name="test_creating_inventory_with_nonnumeric_values" time="0.001" /><testcase classname="mytest.test_inventory.TestingInventoryCreation" file="mytest\test_inventory.py" line="47" name="test_creating_inventory_with_negative_value" time="0.001" /><testcase classname="mytest.test_inventory.TestInventoryAddStock" file="mytest\test_inventory.py" line="62" name="test_add_new_stock_as_dict" time="0.002" /><testcase classname="mytest.test_inventory.TestInventoryAddStock" file="mytest\test_inventory.py" line="67" name="test_add_new_stock_as_list" time="0.001" /><testcase classname="mytest.test_inventory.TestInventoryAddStock" file="mytest\test_inventory.py" line="73" name="test_add_new_stock_with_numeric_keys" time="0.001" /><testcase classname="mytest.test_inventory.TestInventoryAddStock" file="mytest\test_inventory.py" line="80" name="test_add_new_stock_with_nonnumeric_values" time="0.001" /><testcase classname="mytest.test_inventory.TestInventoryAddStock" file="mytest\test_inventory.py" line="86" name="test_add_new_stock_with_float_values" time="0.002" /><testcase classname="mytest.test_inventory.TestInventorySellStock" file="mytest\test_inventory.py" line="100" name="test_sell_stock_as_dict" time="0.001" /><testcase classname="mytest.test_inventory.TestInventorySellStock" file="mytest\test_inventory.py" line="105" name="test_sell_stock_as_list" time="0.001" /><testcase classname="mytest.test_inventory.TestInventorySellStock" file="mytest\test_inventory.py" line="111" name="test_sell_stock_with_numeric_keys" time="0.001" /><testcase classname="mytest.test_inventory.TestInventorySellStock" file="mytest\test_inventory.py" line="117" name="test_sell_stock_with_nonnumeric_values" time="0.001" /><testcase classname="mytest.test_inventory.TestInventorySellStock" file="mytest\test_inventory.py" line="123" name="test_sell_stock_with_float_values" time="0.001" /><testcase classname="mytest.test_inventory.TestInventorySellStock" file="mytest\test_inventory.py" line="129" name="test_sell_stock_of_nonexisting_model" time="0.001" /><testcase classname="mytest.test_inventory.TestInventorySellStock" file="mytest\test_inventory.py" line="136" name="test_sell_stock_of_insufficient_stock" time="0.001" /></testsuite></testsuites>